
> flowventory-frontend@0.1.0 build
> next build

   Γû▓ Next.js 15.5.9
   - Environments: .env.local
   - Experiments (use with caution):
     ┬╖ optimizePackageImports

   Creating an optimized production build ...
 Γ£ô Compiled successfully in 9.1s
   Skipping linting
   Checking validity of types ...
node.exe : Failed to compile.
At line:1 char:1
+ & "C:\Program Files\nodejs/node.exe" 
"C:\Users\tan20\AppData\Roaming\ ...
+ ~~~~~~~~~~~~~~~~~~~~~~~~~~~~~~~~~~~~~~~~~~~~~~~
~~~~~~~~~~~~~~~~~~~~~~
    + CategoryInfo          : NotSpecified: (Fai 
   led to compile.:String) [], RemoteException
    + FullyQualifiedErrorId : NativeCommandError
 

./src/app/[slug]/warehouses/[warehouseSlug]/inven
tory/stock/page.tsx:516:11
Type error: Type 'StockLot[]' is not assignable 
to type 'LotWithExpiry[]'.
  Type 'StockLot' is not assignable to type 
'LotWithExpiry'.
    Types of property 'quantity' are 
incompatible.
      Type 'string | number' is not assignable 
to type 'number'.
        Type 'string' is not assignable to type 
'number'.

[0m [90m 514 |[39m           productName[33m=
[39m{lotBreakdownProduct[33m.[39mproduct[33m.
[39mname}
 [90m 515 |[39m           productSku[33m=[39m
{lotBreakdownProduct[33m.[39mproduct[33m.[39m
sku}
[31m[1m>[22m[39m[90m 516 |[39m           lo
ts[33m=[39m{lotBreakdownProduct[33m.[39mlots 
[33m||[39m []}
 [90m     |[39m           [31m[1m^[22m[39m
 [90m 517 |[39m         [33m/[39m[33m>[39m
 [90m 518 |[39m       )}
 [90m 519 |[39m     [33m<[39m[33m/[39m[33m
div[39m[33m>[39m[0m
Next.js build worker exited with code: 1 and 
signal: null
